{"/Users/katesmith/Desktop/my_katas/roman_numerals_js/src/numToRoman.js": {"path":"/Users/katesmith/Desktop/my_katas/roman_numerals_js/src/numToRoman.js","statementMap":{"0":{"start":{"line":5,"column":4},"end":{"line":5,"column":80}},"1":{"start":{"line":6,"column":4},"end":{"line":6,"column":80}},"2":{"start":{"line":7,"column":4},"end":{"line":7,"column":50}},"3":{"start":{"line":8,"column":4},"end":{"line":8,"column":21}},"4":{"start":{"line":12,"column":4},"end":{"line":14,"column":5}},"5":{"start":{"line":13,"column":8},"end":{"line":13,"column":44}},"6":{"start":{"line":16,"column":4},"end":{"line":22,"column":5}},"7":{"start":{"line":17,"column":17},"end":{"line":17,"column":42}},"8":{"start":{"line":18,"column":18},"end":{"line":18,"column":43}},"9":{"start":{"line":19,"column":6},"end":{"line":19,"column":26}},"10":{"start":{"line":20,"column":6},"end":{"line":20,"column":27}},"11":{"start":{"line":24,"column":4},"end":{"line":27,"column":5}},"12":{"start":{"line":25,"column":18},"end":{"line":25,"column":45}},"13":{"start":{"line":26,"column":6},"end":{"line":26,"column":26}},"14":{"start":{"line":29,"column":4},"end":{"line":29,"column":25}},"15":{"start":{"line":33,"column":0},"end":{"line":33,"column":28}}},"fnMap":{"0":{"name":"(anonymous_0)","decl":{"start":{"line":4,"column":2},"end":{"line":4,"column":3}},"loc":{"start":{"line":4,"column":16},"end":{"line":9,"column":3}},"line":4},"1":{"name":"(anonymous_1)","decl":{"start":{"line":11,"column":2},"end":{"line":11,"column":3}},"loc":{"start":{"line":11,"column":14},"end":{"line":31,"column":3}},"line":11}},"branchMap":{"0":{"loc":{"start":{"line":12,"column":4},"end":{"line":14,"column":5}},"type":"if","locations":[{"start":{"line":12,"column":4},"end":{"line":14,"column":5}},{"start":{"line":12,"column":4},"end":{"line":14,"column":5}}],"line":12},"1":{"loc":{"start":{"line":16,"column":4},"end":{"line":22,"column":5}},"type":"if","locations":[{"start":{"line":16,"column":4},"end":{"line":22,"column":5}},{"start":{"line":16,"column":4},"end":{"line":22,"column":5}}],"line":16},"2":{"loc":{"start":{"line":24,"column":4},"end":{"line":27,"column":5}},"type":"if","locations":[{"start":{"line":24,"column":4},"end":{"line":27,"column":5}},{"start":{"line":24,"column":4},"end":{"line":27,"column":5}}],"line":24}},"s":{"0":7,"1":7,"2":7,"3":7,"4":7,"5":2,"6":5,"7":3,"8":3,"9":3,"10":3,"11":5,"12":3,"13":3,"14":5,"15":1},"f":{"0":7,"1":7},"b":{"0":[2,5],"1":[3,2],"2":[3,2]},"_coverageSchema":"1a1c01bbd47fc00a2c39e90264f33305004495a9","hash":"a5298dc5db76066ea4ac4d0640b11e9e3cd0aa59"}
}
